<?xml version="1.0" encoding="UTF-8"?>
<!-- Generated by org.testng.reporters.JUnitReportReporter -->
<testsuite hostname="rquinn-mbp.local" name="com.zappos.ct.tests.Fail5_Test" tests="1" failures="0" timestamp="14 Dec 2012 20:46:53 GMT" time="2.484" errors="0">
  <testcase name="HomePageFail" time="2.484" classname="com.zappos.ct.tests.Fail5_Test"/>
</testsuite> <!-- com.zappos.ct.tests.Fail5_Test -->
