<?xml version="1.0" encoding="UTF-8"?>
<!-- Generated by org.testng.reporters.JUnitReportReporter -->
<testsuite hostname="rquinn-mbp.local" name="com.zappos.ct.tests.Works10_Test" tests="1" failures="0" timestamp="14 Dec 2012 20:46:53 GMT" time="5.831" errors="0">
  <testcase name="HomePageTest" time="5.831" classname="com.zappos.ct.tests.Works10_Test"/>
</testsuite> <!-- com.zappos.ct.tests.Works10_Test -->
