<?xml version="1.0" encoding="UTF-8"?>
<!-- Generated by org.testng.reporters.JUnitReportReporter -->
<testsuite hostname="rquinn-mbp.local" name="com.zappos.ct.tests.Works17_Test" tests="1" failures="0" timestamp="15 Dec 2012 00:28:25 GMT" time="39.306" errors="0">
  <testcase name="HomePageTest" time="39.306" classname="com.zappos.ct.tests.Works17_Test"/>
</testsuite> <!-- com.zappos.ct.tests.Works17_Test -->
