<?xml version="1.0" encoding="UTF-8"?>
<!-- Generated by org.testng.reporters.JUnitReportReporter -->
<testsuite hostname="rquinn-mbp.local" name="com.zappos.ct.tests.Fail4_Test" tests="1" failures="0" timestamp="14 Dec 2012 22:45:50 GMT" time="1.408" errors="0">
  <testcase name="HomePageFail" time="1.408" classname="com.zappos.ct.tests.Fail4_Test"/>
</testsuite> <!-- com.zappos.ct.tests.Fail4_Test -->
