<?xml version="1.0" encoding="UTF-8"?>
<!-- Generated by org.testng.reporters.JUnitReportReporter -->
<testsuite hostname="rquinn-mbp.local" name="com.zappos.ct.tests.Works13_Test" tests="1" failures="0" timestamp="15 Dec 2012 00:28:25 GMT" time="34.449" errors="0">
  <testcase name="HomePageTest" time="34.449" classname="com.zappos.ct.tests.Works13_Test"/>
</testsuite> <!-- com.zappos.ct.tests.Works13_Test -->
