<?xml version="1.0" encoding="UTF-8"?>
<!-- Generated by org.testng.reporters.JUnitReportReporter -->
<testsuite hostname="rquinn-mbp.local" name="com.zappos.ct.tests.Works8_Test" tests="1" failures="0" timestamp="14 Dec 2012 22:48:59 GMT" time="34.816" errors="0">
  <testcase name="HomePageTest" time="34.816" classname="com.zappos.ct.tests.Works8_Test"/>
</testsuite> <!-- com.zappos.ct.tests.Works8_Test -->
