<?xml version="1.0" encoding="UTF-8"?>
<!-- Generated by org.testng.reporters.JUnitReportReporter -->
<testsuite hostname="rquinn-mbp.local" name="com.zappos.ct.tests.Fail_Test" tests="1" failures="0" timestamp="12 Dec 2012 22:57:11 GMT" time="10.224" errors="0">
  <testcase name="HomePageFail" time="10.224" classname="com.zappos.ct.tests.Fail_Test"/>
</testsuite> <!-- com.zappos.ct.tests.Fail_Test -->
