<?xml version="1.0" encoding="UTF-8"?>
<!-- Generated by org.testng.reporters.JUnitReportReporter -->
<testsuite hostname="rquinn-mbp.local" name="com.zappos.ct.tests.Works_Test" tests="1" failures="0" timestamp="12 Dec 2012 21:26:25 GMT" time="13.009" errors="0">
  <testcase name="HomePageTest" time="13.009" classname="com.zappos.ct.tests.Works_Test"/>
</testsuite> <!-- com.zappos.ct.tests.Works_Test -->
