<?xml version="1.0" encoding="UTF-8"?>
<!-- Generated by org.testng.reporters.JUnitReportReporter -->
<testsuite hostname="rquinn-mbp.local" name="com.zappos.ct.tests.Works_Test" tests="1" failures="0" timestamp="13 Dec 2012 02:24:33 GMT" time="8.864" errors="0">
  <testcase name="HomePageTest" time="8.864" classname="com.zappos.ct.tests.Works_Test"/>
</testsuite> <!-- com.zappos.ct.tests.Works_Test -->
